<?xml version="1.0" encoding="UTF-8"?>
<!-- Generated by org.testng.reporters.JUnitXMLReporter -->
<testsuite ignored="2" hostname="DESKTOP-G1N8O8B" failures="0" tests="2" name="Test" time="30.126" errors="0" timestamp="2020-03-08T18:12:25 EDT">
  <testcase classname="TestWebDriver.Launch" name="googleLaunch" time="13.064"/>
  <testcase classname="TestWebDriver.Launchyoutube" name="youtubeLaunch" time="17.005"/>
  <testcase classname="TestWebDriver.Launchyoutube" name="googleLaunch" time="0.0">
    <ignored/>
  </testcase> <!-- googleLaunch -->
  <testcase classname="TestWebDriver.Launch" name="amazonLaunch" time="0.0">
    <ignored/>
  </testcase> <!-- amazonLaunch -->
</testsuite> <!-- Test -->
